<?xml version="1.0" encoding="UTF-8"?>
<!-- Generated by org.testng.reporters.JUnitReportReporter -->
<testsuite skipped="0" hostname="Mangesh-PC" name="org.demo.JSONRead" tests="1" failures="0" timestamp="05 Mar 2020 16:07:27 GMT" time="0.050" errors="0">
  <testcase name="test01" time="0.050" classname="org.demo.JSONRead"/>
</testsuite> <!-- org.demo.JSONRead -->
